<?xml version="1.0" encoding="UTF-8"?>
<testng-results ignored="0" total="2" passed="2" failed="0" skipped="0">
  <reporter-output>
  </reporter-output>
  <suite started-at="2024-01-11T17:41:45 IST" name="Default suite" finished-at="2024-01-11T17:41:54 IST" duration-ms="8512">
    <groups>
    </groups>
    <test started-at="2024-01-11T17:41:45 IST" name="Default test" finished-at="2024-01-11T17:41:54 IST" duration-ms="8512">
      <class name="testcases.LoginPageTest">
        <test-method is-config="true" signature="setup()[pri:0, instance:testcases.LoginPageTest@496bc455]" started-at="2024-01-11T17:41:45 IST" name="setup" finished-at="2024-01-11T17:41:51 IST" duration-ms="5737" status="PASS">
          <reporter-output>
          </reporter-output>
        </test-method> <!-- setup -->
        <test-method signature="verifyTitleOfApplicationTest()[pri:0, instance:testcases.LoginPageTest@496bc455]" started-at="2024-01-11T17:41:51 IST" name="verifyTitleOfApplicationTest" finished-at="2024-01-11T17:41:51 IST" duration-ms="26" status="PASS">
          <reporter-output>
          </reporter-output>
        </test-method> <!-- verifyTitleOfApplicationTest -->
        <test-method is-config="true" signature="closeBrowser()[pri:0, instance:testcases.LoginPageTest@496bc455]" started-at="2024-01-11T17:41:51 IST" name="closeBrowser" finished-at="2024-01-11T17:41:51 IST" duration-ms="136" status="PASS">
          <reporter-output>
          </reporter-output>
        </test-method> <!-- closeBrowser -->
        <test-method is-config="true" signature="setup()[pri:0, instance:testcases.LoginPageTest@496bc455]" started-at="2024-01-11T17:41:51 IST" name="setup" finished-at="2024-01-11T17:41:53 IST" duration-ms="2446" status="PASS">
          <reporter-output>
          </reporter-output>
        </test-method> <!-- setup -->
        <test-method signature="verifyUrlOfApllicationTest()[pri:0, instance:testcases.LoginPageTest@496bc455]" started-at="2024-01-11T17:41:53 IST" name="verifyUrlOfApllicationTest" finished-at="2024-01-11T17:41:53 IST" duration-ms="15" status="PASS">
          <reporter-output>
          </reporter-output>
        </test-method> <!-- verifyUrlOfApllicationTest -->
        <test-method is-config="true" signature="closeBrowser()[pri:0, instance:testcases.LoginPageTest@496bc455]" started-at="2024-01-11T17:41:53 IST" name="closeBrowser" finished-at="2024-01-11T17:41:54 IST" duration-ms="103" status="PASS">
          <reporter-output>
          </reporter-output>
        </test-method> <!-- closeBrowser -->
      </class> <!-- testcases.LoginPageTest -->
    </test> <!-- Default test -->
  </suite> <!-- Default suite -->
</testng-results>
