<?xml version="1.0" encoding="UTF-8"?>
<!-- Generated by org.testng.reporters.JUnitXMLReporter -->
<testsuite ignored="3" hostname="lenovo" failures="0" tests="1" name="Default test" time="6.686" errors="0" timestamp="2024-01-20T17:43:35 IST">
  <testcase classname="testCases.Produt_Label_Test" name="verifyTwitterLogoTest" time="0.106"/>
  <testcase classname="testCases.Produt_Label_Test" name="removeTest" time="0.0">
    <ignored/>
  </testcase> <!-- removeTest -->
  <testcase classname="testCases.Produt_Label_Test" name="verifyTitleProductLabelTest" time="0.0">
    <ignored/>
  </testcase> <!-- verifyTitleProductLabelTest -->
  <testcase classname="testCases.Produt_Label_Test" name="addToCartTest" time="0.0">
    <ignored/>
  </testcase> <!-- addToCartTest -->
</testsuite> <!-- Default test -->
