<?xml version="1.0" encoding="UTF-8"?>
<testng-results ignored="3" total="4" passed="1" failed="0" skipped="0">
  <reporter-output>
  </reporter-output>
  <suite started-at="2024-01-20T17:43:29 IST" name="Default suite" finished-at="2024-01-20T17:43:35 IST" duration-ms="6686">
    <groups>
    </groups>
    <test started-at="2024-01-20T17:43:29 IST" name="Default test" finished-at="2024-01-20T17:43:35 IST" duration-ms="6686">
      <class name="testCases.Produt_Label_Test">
        <test-method is-config="true" signature="setup()[pri:0, instance:testCases.Produt_Label_Test@3b0fe47a]" started-at="2024-01-20T17:43:29 IST" name="setup" finished-at="2024-01-20T17:43:35 IST" duration-ms="6318" status="PASS">
          <reporter-output>
          </reporter-output>
        </test-method> <!-- setup -->
        <test-method signature="verifyTwitterLogoTest()[pri:0, instance:testCases.Produt_Label_Test@3b0fe47a]" started-at="2024-01-20T17:43:35 IST" name="verifyTwitterLogoTest" finished-at="2024-01-20T17:43:35 IST" duration-ms="106" status="PASS">
          <reporter-output>
          </reporter-output>
        </test-method> <!-- verifyTwitterLogoTest -->
        <test-method is-config="true" signature="closeBrowser()[pri:0, instance:testCases.Produt_Label_Test@3b0fe47a]" started-at="2024-01-20T17:43:35 IST" name="closeBrowser" finished-at="2024-01-20T17:43:35 IST" duration-ms="208" status="PASS">
          <reporter-output>
          </reporter-output>
        </test-method> <!-- closeBrowser -->
      </class> <!-- testCases.Produt_Label_Test -->
    </test> <!-- Default test -->
  </suite> <!-- Default suite -->
</testng-results>
